<?xml version="1.0" encoding="UTF-8"?>
<rss version="2.0" xmlns:media="http://search.yahoo.com/mrss/" xmlns:atom="http://www.w3.org/2005/Atom"><channel><title>feed</title><description/><link>https://demo.contao.org/</link><language>en</language><pubDate>Fri, 30 Dec 2022 15:37:00 +0100</pubDate><generator>Contao Open Source CMS</generator><atom:link href="https://demo.contao.org/share/feed.xml" rel="self" type="application/rss+xml"/><item><title>News 4: 2 images</title><description><![CDATA[]]></description><link>https://demo.contao.org/en/news-detail/news-4-2-images.html</link><pubDate>Fri, 30 Dec 2022 15:37:00 +0100</pubDate><guid>https://demo.contao.org/en/news-detail/news-4-2-images.html</guid><enclosure url="https://demo.contao.org/files/contaodemo/media/content-images/DSC_5276.jpg" length="41956" type="image/jpeg"/><enclosure url="https://demo.contao.org/files/contaodemo/media/content-images/DSC_5403.jpg" length="36501" type="image/jpeg"/></item><item><title>News1: 1 image + 1pdf</title><description><![CDATA[]]></description><link>https://demo.contao.org/en/news-detail/news1-1-image-1pdf.html</link><pubDate>Fri, 30 Dec 2022 15:36:00 +0100</pubDate><guid>https://demo.contao.org/en/news-detail/news1-1-image-1pdf.html</guid><enclosure url="https://demo.contao.org/files/contaodemo/media/content-images/DSC_5276.jpg" length="41956" type="image/jpeg"/><enclosure url="https://demo.contao.org/files/contaodemo/media/documents/contao_fanpage_logo.pdf" length="48091" type="application/pdf"/></item><item><title>News 2: 1 image</title><description><![CDATA[]]></description><link>https://demo.contao.org/en/news-detail/news-2-1-image.html</link><pubDate>Fri, 30 Dec 2022 15:36:00 +0100</pubDate><guid>https://demo.contao.org/en/news-detail/news-2-1-image.html</guid><enclosure url="https://demo.contao.org/files/contaodemo/media/content-images/DSC_5276.jpg" length="41956" type="image/jpeg"/></item><item><title>News 3: 1 pdf</title><description><![CDATA[]]></description><link>https://demo.contao.org/en/news-detail/news-3-1-pdf.html</link><pubDate>Fri, 30 Dec 2022 15:36:00 +0100</pubDate><guid>https://demo.contao.org/en/news-detail/news-3-1-pdf.html</guid><enclosure url="https://demo.contao.org/files/contaodemo/media/documents/contao_fanpage_logo.pdf" length="48091" type="application/pdf"/></item><item><title>New Contao Versions in short intervalls</title><description><![CDATA[<p>The Contao community works hard to continuously improve Contao. Therefore several updates are released each year. The last release was Contao 3.3.</p>]]></description><link>https://demo.contao.org/en/news-detail/new-contao-versions-in-short-intervalls.html</link><pubDate>Fri, 23 May 2014 14:01:00 +0200</pubDate><guid>https://demo.contao.org/en/news-detail/new-contao-versions-in-short-intervalls.html</guid></item><item><title>New Contao Community Members each day</title><description><![CDATA[<p>More and more web developers join the Contao community each day. Therefore Contao is able to evolve contantly.</p>]]></description><link>https://demo.contao.org/en/news-detail/new-contao-community-members-each-day.html</link><pubDate>Fri, 25 Apr 2014 09:15:00 +0200</pubDate><guid>https://demo.contao.org/en/news-detail/new-contao-community-members-each-day.html</guid></item><item><title>Contao is popular</title><description><![CDATA[<p>In a recent security level comparison Contao excelled as one of the most secure Open Source CMS's.</p>]]></description><link>https://demo.contao.org/en/news-detail/contao-is-popular.html</link><pubDate>Mon, 17 Feb 2014 14:27:00 +0100</pubDate><guid>https://demo.contao.org/en/news-detail/contao-is-popular.html</guid></item></channel></rss>